    Checking BildBlitz v0.1.0 (C:\Dev\BildBlitz)
warning: unused import: `std::sync::Arc`
 --> src\ui\grid.rs:2:5
  |
2 | use std::sync::Arc;
  |     ^^^^^^^^^^^^^^
  |
  = note: `#[warn(unused_imports)]` (part of `#[warn(unused)]`) on by default

warning: unused import: `Path`
 --> src\ui\grid.rs:3:17
  |
3 | use std::path::{Path, PathBuf};
  |                 ^^^^

warning: use of deprecated associated function `egui::Frame::none`: Use `Frame::NONE` or `Frame::new()` instead.
  --> src\ui\grid.rs:39:92
   |
39 |                 let (inner, dropped_payload) = ui.dnd_drop_zone::<PathBuf, _>(egui::Frame::none().fill(fill).inner_margin(8.0), |ui| {
   |                                                                                            ^^^^
   |
   = note: `#[warn(deprecated)]` on by default

warning: use of deprecated method `egui::Ui::allocate_new_ui`: Use `scope_builder` instead
  --> src\ui\grid.rs:94:12
   |
94 |         ui.allocate_new_ui(egui::UiBuilder::new().max_rect(rect), |ui| {
   |            ^^^^^^^^^^^^^^^

warning: use of deprecated method `egui::Ui::allocate_ui_at_rect`: Use `allocate_new_ui` instead
   --> src\ui\grid.rs:129:12
    |
129 |         ui.allocate_ui_at_rect(rect, |ui| {
    |            ^^^^^^^^^^^^^^^^^^^

warning: unused variable: `column_width`
   --> src\app.rs:152:13
    |
152 |         let column_width = available_width / 2.0;
    |             ^^^^^^^^^^^^ help: if this is intentional, prefix it with an underscore: `_column_width`
    |
    = note: `#[warn(unused_variables)]` (part of `#[warn(unused)]`) on by default

warning: unused variable: `inner`
  --> src\ui\grid.rs:39:22
   |
39 |                 let (inner, dropped_payload) = ui.dnd_drop_zone::<PathBuf, _>(egui::Frame::none().fill(fill).inner_margin(8.0), |ui| {
   |                      ^^^^^ help: if this is intentional, prefix it with an underscore: `_inner`

warning: struct `ImageViewer` is never constructed
 --> src\ui\viewer.rs:3:12
  |
3 | pub struct ImageViewer {}
  |            ^^^^^^^^^^^
  |
  = note: `#[warn(dead_code)]` (part of `#[warn(unused)]`) on by default

warning: method `show` is never used
 --> src\ui\viewer.rs:6:12
  |
5 | impl ImageViewer {
  | ---------------- method in this implementation
6 |     pub fn show(&mut self, ui: &mut egui::Ui) {
  |            ^^^^

warning: function `toolbar` is never used
 --> src\ui\tools.rs:3:8
  |
3 | pub fn toolbar(ui: &mut egui::Ui) {
  |        ^^^^^^^

warning: field `scroll_offset` is never read
  --> src\ui\pane_state.rs:23:9
   |
18 | pub struct PaneState {
   |            --------- field in this struct
...
23 |     pub scroll_offset: f32,
   |         ^^^^^^^^^^^^^

warning: struct `ImageLoader` is never constructed
 --> src\engine\loader.rs:1:12
  |
1 | pub struct ImageLoader {}
  |            ^^^^^^^^^^^

warning: struct `ImageCache` is never constructed
 --> src\engine\cache.rs:1:12
  |
1 | pub struct ImageCache {}
  |            ^^^^^^^^^^

warning: struct `PrefetchEngine` is never constructed
 --> src\engine\prefetch.rs:1:12
  |
1 | pub struct PrefetchEngine {}
  |            ^^^^^^^^^^^^^^

warning: fields `dimensions` and `modified` are never read
  --> src\engine\gallery.rs:11:9
   |
 7 | pub struct FileInfo {
   |            -------- fields in this struct
...
11 |     pub dimensions: Option<(u32, u32)>,
   |         ^^^^^^^^^^
12 |     pub modified: std::time::SystemTime,
   |         ^^^^^^^^
   |
   = note: `FileInfo` has derived impls for the traits `Clone` and `Debug`, but these are intentionally ignored during dead code analysis

warning: struct `Database` is never constructed
 --> src\library\db.rs:1:12
  |
1 | pub struct Database {}
  |            ^^^^^^^^

warning: struct `MetadataParser` is never constructed
 --> src\library\metadata.rs:1:12
  |
1 | pub struct MetadataParser {}
  |            ^^^^^^^^^^^^^^

warning: function `apply_mica` is never used
 --> src\os\windows.rs:1:8
  |
1 | pub fn apply_mica(_window: &eframe::Frame) {
  |        ^^^^^^^^^^

warning: `BildBlitz` (bin "BildBlitz") generated 18 warnings (run `cargo fix --bin "BildBlitz" -p BildBlitz` to apply 4 suggestions)
    Finished `dev` profile [unoptimized + debuginfo] target(s) in 0.57s
